Using pre-set license
Built from '2022.3/staging' branch; Version is '2022.3.15f1 (b58023a2b463) revision 11894819'; Using compiler version '192829333'; Build Type 'Release'
OS: 'Windows 10  (10.0.19045) 64bit Professional' Language: 'ru' Physical Memory: 16087 MB
BatchMode: 1, IsHumanControllingUs: 0, StartBugReporterOnCrash: 0, Is64bit: 1, IsPro: 1

COMMAND LINE ARGUMENTS:
C:\Program Files\Unity\Hub\Editor\2022.3.15f1\Editor\Unity.exe
-adb2
-batchMode
-noUpm
-name
AssetImportWorker0
-projectPath
C:/Users/pozdnich/Documents/GitHub/Underworld-Re-Creation/Underworld Re-Creation
-logFile
Logs/AssetImportWorker0.log
-srvPort
61716
Successfully changed project path to: C:/Users/pozdnich/Documents/GitHub/Underworld-Re-Creation/Underworld Re-Creation
C:/Users/pozdnich/Documents/GitHub/Underworld-Re-Creation/Underworld Re-Creation
[UnityMemory] Configuration Parameters - Can be set up in boot.config
    "memorysetup-bucket-allocator-granularity=16"
    "memorysetup-bucket-allocator-bucket-count=8"
    "memorysetup-bucket-allocator-block-size=33554432"
    "memorysetup-bucket-allocator-block-count=8"
    "memorysetup-main-allocator-block-size=16777216"
    "memorysetup-thread-allocator-block-size=16777216"
    "memorysetup-gfx-main-allocator-block-size=16777216"
    "memorysetup-gfx-thread-allocator-block-size=16777216"
    "memorysetup-cache-allocator-block-size=4194304"
    "memorysetup-typetree-allocator-block-size=2097152"
    "memorysetup-profiler-bucket-allocator-granularity=16"
    "memorysetup-profiler-bucket-allocator-bucket-count=8"
    "memorysetup-profiler-bucket-allocator-block-size=33554432"
    "memorysetup-profiler-bucket-allocator-block-count=8"
    "memorysetup-profiler-allocator-block-size=16777216"
    "memorysetup-profiler-editor-allocator-block-size=1048576"
    "memorysetup-temp-allocator-size-main=16777216"
    "memorysetup-job-temp-allocator-block-size=2097152"
    "memorysetup-job-temp-allocator-block-size-background=1048576"
    "memorysetup-job-temp-allocator-reduction-small-platforms=262144"
    "memorysetup-allocator-temp-initial-block-size-main=262144"
    "memorysetup-allocator-temp-initial-block-size-worker=262144"
    "memorysetup-temp-allocator-size-background-worker=32768"
    "memorysetup-temp-allocator-size-job-worker=262144"
    "memorysetup-temp-allocator-size-preload-manager=33554432"
    "memorysetup-temp-allocator-size-nav-mesh-worker=65536"
    "memorysetup-temp-allocator-size-audio-worker=65536"
    "memorysetup-temp-allocator-size-cloud-worker=32768"
    "memorysetup-temp-allocator-size-gi-baking-worker=262144"
    "memorysetup-temp-allocator-size-gfx=262144"
Player connection [22720] Host "[IP] 192.168.1.36 [Port] 0 [Flags] 2 [Guid] 463088587 [EditorId] 463088587 [Version] 1048832 [Id] WindowsEditor(7,DESKTOP-FQMTNP5) [Debug] 1 [PackageName] WindowsEditor [ProjectName] Editor" joined multi-casting on [225.0.0.222:54997]...

Player connection [22720] Host "[IP] 192.168.1.36 [Port] 0 [Flags] 2 [Guid] 463088587 [EditorId] 463088587 [Version] 1048832 [Id] WindowsEditor(7,DESKTOP-FQMTNP5) [Debug] 1 [PackageName] WindowsEditor [ProjectName] Editor" joined alternative multi-casting on [225.0.0.222:34997]...

[Physics::Module] Initialized MultithreadedJobDispatcher with 23 workers.
Refreshing native plugins compatible for Editor in 7.21 ms, found 3 plugins.
Preloading 0 native plugins for Editor in 0.00 ms.
Initialize engine version: 2022.3.15f1 (b58023a2b463)
[Subsystems] Discovering subsystems at path C:/Program Files/Unity/Hub/Editor/2022.3.15f1/Editor/Data/Resources/UnitySubsystems
[Subsystems] Discovering subsystems at path C:/Users/pozdnich/Documents/GitHub/Underworld-Re-Creation/Underworld Re-Creation/Assets
GfxDevice: creating device client; threaded=0; jobified=0
Direct3D:
    Version:  Direct3D 11.0 [level 11.1]
    Renderer: NVIDIA GeForce RTX 4070 Laptop GPU (ID=0x2860)
    Vendor:   NVIDIA
    VRAM:     7948 MB
    Driver:   31.0.15.5186
Initialize mono
Mono path[0] = 'C:/Program Files/Unity/Hub/Editor/2022.3.15f1/Editor/Data/Managed'
Mono path[1] = 'C:/Program Files/Unity/Hub/Editor/2022.3.15f1/Editor/Data/MonoBleedingEdge/lib/mono/unityjit-win32'
Mono config path = 'C:/Program Files/Unity/Hub/Editor/2022.3.15f1/Editor/Data/MonoBleedingEdge/etc'
Using monoOptions --debugger-agent=transport=dt_socket,embedding=1,server=y,suspend=n,address=127.0.0.1:56592
Begin MonoManager ReloadAssembly
Registering precompiled unity dll's ...
Register platform support module: C:/Program Files/Unity/Hub/Editor/2022.3.15f1/Editor/Data/PlaybackEngines/WebGLSupport/UnityEditor.WebGL.Extensions.dll
Register platform support module: C:/Program Files/Unity/Hub/Editor/2022.3.15f1/Editor/Data/PlaybackEngines/WindowsStandaloneSupport/UnityEditor.WindowsStandalone.Extensions.dll
Registered in 0.011117 seconds.
- Loaded All Assemblies, in  0.374 seconds
Native extension for WindowsStandalone target not found
Native extension for WebGL target not found
Mono: successfully reloaded assembly
- Finished resetting the current domain, in  0.287 seconds
Domain Reload Profiling: 660ms
	BeginReloadAssembly (112ms)
		ExecutionOrderSort (0ms)
		DisableScriptedObjects (0ms)
		BackupInstance (0ms)
		ReleaseScriptingObjects (0ms)
		CreateAndSetChildDomain (1ms)
	RebuildCommonClasses (33ms)
	RebuildNativeTypeToScriptingClass (11ms)
	initialDomainReloadingComplete (68ms)
	LoadAllAssembliesAndSetupDomain (148ms)
		LoadAssemblies (111ms)
		RebuildTransferFunctionScriptingTraits (0ms)
		AnalyzeDomain (145ms)
			TypeCache.Refresh (144ms)
				TypeCache.ScanAssembly (131ms)
			ScanForSourceGeneratedMonoScriptInfo (0ms)
			ResolveRequiredComponents (1ms)
	FinalizeReload (288ms)
		ReleaseScriptCaches (0ms)
		RebuildScriptCaches (0ms)
		SetupLoadedEditorAssemblies (228ms)
			LogAssemblyErrors (0ms)
			InitializePlatformSupportModulesInManaged (12ms)
			SetLoadedEditorAssemblies (6ms)
			RefreshPlugins (0ms)
			BeforeProcessingInitializeOnLoad (2ms)
			ProcessInitializeOnLoadAttributes (157ms)
			ProcessInitializeOnLoadMethodAttributes (51ms)
			AfterProcessingInitializeOnLoad (0ms)
			EditorAssembliesLoaded (0ms)
		ExecutionOrderSort2 (0ms)
		AwakeInstancesAfterBackupRestoration (0ms)
========================================================================
Worker process is ready to serve import requests
Begin MonoManager ReloadAssembly
- Loaded All Assemblies, in  0.606 seconds
Refreshing native plugins compatible for Editor in 3.09 ms, found 3 plugins.
Native extension for WindowsStandalone target not found
Native extension for WebGL target not found
Package Manager log level set to [2]
[Package Manager] Server::EnsureServerProcessIsRunning -- launch failed, reason: Unity was launched with the -noUpm command-line argument
[Package Manager] UpmClient::Send -- Unable to send message (not connected to UPM process).
[Package Manager] Cannot connect to Unity Package Manager local server
Mono: successfully reloaded assembly
- Finished resetting the current domain, in  0.591 seconds
Domain Reload Profiling: 1195ms
	BeginReloadAssembly (143ms)
		ExecutionOrderSort (0ms)
		DisableScriptedObjects (6ms)
		BackupInstance (0ms)
		ReleaseScriptingObjects (0ms)
		CreateAndSetChildDomain (20ms)
	RebuildCommonClasses (33ms)
	RebuildNativeTypeToScriptingClass (11ms)
	initialDomainReloadingComplete (45ms)
	LoadAllAssembliesAndSetupDomain (371ms)
		LoadAssemblies (281ms)
		RebuildTransferFunctionScriptingTraits (0ms)
		AnalyzeDomain (172ms)
			TypeCache.Refresh (151ms)
				TypeCache.ScanAssembly (136ms)
			ScanForSourceGeneratedMonoScriptInfo (15ms)
			ResolveRequiredComponents (4ms)
	FinalizeReload (592ms)
		ReleaseScriptCaches (0ms)
		RebuildScriptCaches (0ms)
		SetupLoadedEditorAssemblies (439ms)
			LogAssemblyErrors (0ms)
			InitializePlatformSupportModulesInManaged (8ms)
			SetLoadedEditorAssemblies (4ms)
			RefreshPlugins (0ms)
			BeforeProcessingInitializeOnLoad (62ms)
			ProcessInitializeOnLoadAttributes (335ms)
			ProcessInitializeOnLoadMethodAttributes (22ms)
			AfterProcessingInitializeOnLoad (7ms)
			EditorAssembliesLoaded (0ms)
		ExecutionOrderSort2 (0ms)
		AwakeInstancesAfterBackupRestoration (7ms)
Launched and connected shader compiler UnityShaderCompiler.exe after 0.04 seconds
Refreshing native plugins compatible for Editor in 1.74 ms, found 3 plugins.
Preloading 0 native plugins for Editor in 0.00 ms.
Unloading 3119 Unused Serialized files (Serialized files now loaded: 0)
Unloading 32 unused Assets / (57.0 KB). Loaded Objects now: 3605.
Memory consumption went from 142.5 MB to 142.4 MB.
Total: 2.164800 ms (FindLiveObjects: 0.162900 ms CreateObjectMapping: 0.067600 ms MarkObjects: 1.851000 ms  DeleteObjects: 0.082400 ms)

AssetImportParameters requested are different than current active one (requested -> active):
  custom:container-demuxer-ogg: 62fdf1f143b41e24485cea50d1cbac27 -> 
  custom:video-decoder-ogg-theora: a1e56fd34408186e4bbccfd4996cb3dc -> 
  custom:framework-win-MediaFoundation: 216162199b28c13a410421893ffa2e32 -> 
  custom:CustomObjectIndexerAttribute: 43b350a4d6e6d1791af0b5038c4bea17 -> 
  custom:container-demuxer-webm: 4f35f7cbe854078d1ac9338744f61a02 -> 
  custom:container-muxer-webm: aa71ff27fc2769a1b78a27578f13a17b -> 
  custom:video-decoder-webm-vp8: 9c59270c3fd7afecdb556c50c9e8de78 -> 
  custom:SearchIndexIgnoredProperties: e643bd26f0fe6173181afceb89e7c659 -> 
  custom:AudioImporter_EditorPlatform: d09bf68614088b80899f8185d706f6e7 -> 
  custom:video-encoder-webm-vp8: eb34c28f22e8b96e1ab97ce403110664 -> 
  custom:audio-decoder-ogg-vorbis: bf7c407c2cedff20999df2af8eb42d56 -> 
  custom:audio-encoder-webm-vorbis: bf7c407c2cedff20999df2af8eb42d56 -> 
========================================================================
Received Import Request.
  Time since last request: 71004.013046 seconds.
  path: Assets/Prefabs/Characters/player/standartPlayer — woman.fbx
  artifactKey: Guid(b1a4640f78d6ed44b9c5901650febca6) Importer(815301076,1909f56bfc062723c751e8b465ee728b)
Start importing Assets/Prefabs/Characters/player/standartPlayer — woman.fbx using Guid(b1a4640f78d6ed44b9c5901650febca6) Importer(815301076,1909f56bfc062723c751e8b465ee728b)  -> (artifact id: 'f0db4112b895a7d9632d601e5740d54d') in 0.156922 seconds
Number of updated asset objects reloaded before import = 0
Number of asset objects unloaded after import = 161
========================================================================
Received Import Request.
  Time since last request: 274.912506 seconds.
  path: Assets/NoMyAssets/Fantasy Forest Environment Free Sample/Textures/bark01_bottom.tga
  artifactKey: Guid(4e44992d8a199a546aeaaa6ebc63b91a) Importer(815301076,1909f56bfc062723c751e8b465ee728b)
Start importing Assets/NoMyAssets/Fantasy Forest Environment Free Sample/Textures/bark01_bottom.tga using Guid(4e44992d8a199a546aeaaa6ebc63b91a) Importer(815301076,1909f56bfc062723c751e8b465ee728b)  -> (artifact id: '2d7f35928f6b0777ddb24440025611fe') in 0.064271 seconds
Number of updated asset objects reloaded before import = 0
Number of asset objects unloaded after import = 2
========================================================================
Received Import Request.
  Time since last request: 0.000223 seconds.
  path: Assets/NoMyAssets/Supercyan Free Forest Sample/Textures/Foliage/forestpack_foliage_diffuse.png
  artifactKey: Guid(1056b8bf593938a4399e74aa632e2a21) Importer(815301076,1909f56bfc062723c751e8b465ee728b)
Start importing Assets/NoMyAssets/Supercyan Free Forest Sample/Textures/Foliage/forestpack_foliage_diffuse.png using Guid(1056b8bf593938a4399e74aa632e2a21) Importer(815301076,1909f56bfc062723c751e8b465ee728b)  -> (artifact id: '8bba04e1b2f48fb31d0e53122dc154ae') in 0.042707 seconds
Number of updated asset objects reloaded before import = 0
Number of asset objects unloaded after import = 2
========================================================================
Received Import Request.
  Time since last request: 1.360428 seconds.
  path: Assets/NoMyAssets/Supercyan Free Forest Sample/Textures/Ground/forestpack_moss_light_tile_diffuse.png
  artifactKey: Guid(4900b2b933f056247806df532f93e2b9) Importer(815301076,1909f56bfc062723c751e8b465ee728b)
Start importing Assets/NoMyAssets/Supercyan Free Forest Sample/Textures/Ground/forestpack_moss_light_tile_diffuse.png using Guid(4900b2b933f056247806df532f93e2b9) Importer(815301076,1909f56bfc062723c751e8b465ee728b)  -> (artifact id: 'de78c575252c1e29787c92f35002cdcb') in 0.038250 seconds
Number of updated asset objects reloaded before import = 0
Number of asset objects unloaded after import = 2
========================================================================
Received Import Request.
  Time since last request: 0.372132 seconds.
  path: Assets/NoMyAssets/Supercyan Free Forest Sample/Textures/SignAndBridge/forestpack_roadSignAndBridge_diffuse.png
  artifactKey: Guid(d1de526d00e4052458506ce20689b585) Importer(815301076,1909f56bfc062723c751e8b465ee728b)
Start importing Assets/NoMyAssets/Supercyan Free Forest Sample/Textures/SignAndBridge/forestpack_roadSignAndBridge_diffuse.png using Guid(d1de526d00e4052458506ce20689b585) Importer(815301076,1909f56bfc062723c751e8b465ee728b)  -> (artifact id: '8b0ef7298e46d497d003588820f112f3') in 0.018823 seconds
Number of updated asset objects reloaded before import = 0
Number of asset objects unloaded after import = 2
========================================================================
Received Import Request.
  Time since last request: 0.002342 seconds.
  path: Assets/NoMyAssets/Supercyan Free Forest Sample/Textures/Ground/forestpack_texture_rock_tile_diffuse.png
  artifactKey: Guid(663e42f73ce2d4c4da1a7bd245ba91a2) Importer(815301076,1909f56bfc062723c751e8b465ee728b)
Start importing Assets/NoMyAssets/Supercyan Free Forest Sample/Textures/Ground/forestpack_texture_rock_tile_diffuse.png using Guid(663e42f73ce2d4c4da1a7bd245ba91a2) Importer(815301076,1909f56bfc062723c751e8b465ee728b)  -> (artifact id: '90bb4d93ddc3c88e2a6618f8ebcb3a1a') in 0.014765 seconds
Number of updated asset objects reloaded before import = 0
Number of asset objects unloaded after import = 2
========================================================================
Received Import Request.
  Time since last request: 1.376997 seconds.
  path: Assets/NoMyAssets/Supercyan Free Forest Sample/Textures/Tree/Leaf/forestpack_tree_leaf_diffuse.png
  artifactKey: Guid(7133ca74527ebf543916eb424bcf7fde) Importer(815301076,1909f56bfc062723c751e8b465ee728b)
Start importing Assets/NoMyAssets/Supercyan Free Forest Sample/Textures/Tree/Leaf/forestpack_tree_leaf_diffuse.png using Guid(7133ca74527ebf543916eb424bcf7fde) Importer(815301076,1909f56bfc062723c751e8b465ee728b)  -> (artifact id: '9cf52c342111649695e518af635bb790') in 0.038232 seconds
Number of updated asset objects reloaded before import = 0
Number of asset objects unloaded after import = 2
========================================================================
Received Import Request.
  Time since last request: 0.601666 seconds.
  path: Assets/NoMyAssets/Fantasy Forest Environment Free Sample/Textures/grassmesh.png
  artifactKey: Guid(4e364662e65fd2d4a995a4efe45af277) Importer(815301076,1909f56bfc062723c751e8b465ee728b)
Start importing Assets/NoMyAssets/Fantasy Forest Environment Free Sample/Textures/grassmesh.png using Guid(4e364662e65fd2d4a995a4efe45af277) Importer(815301076,1909f56bfc062723c751e8b465ee728b)  -> (artifact id: 'e72a1026e06ead61706726c2e8cbb1f5') in 0.020995 seconds
Number of updated asset objects reloaded before import = 0
Number of asset objects unloaded after import = 2
========================================================================
Received Import Request.
  Time since last request: 0.893963 seconds.
  path: Assets/NoMyAssets/Supercyan Free Forest Sample/Textures/Skybox/nx.png
  artifactKey: Guid(22a5243e756c4974cbd86e180f48fa4a) Importer(815301076,1909f56bfc062723c751e8b465ee728b)
Start importing Assets/NoMyAssets/Supercyan Free Forest Sample/Textures/Skybox/nx.png using Guid(22a5243e756c4974cbd86e180f48fa4a) Importer(815301076,1909f56bfc062723c751e8b465ee728b)  -> (artifact id: 'aa45113bd03b696f740327153ad7bc80') in 0.025129 seconds
Number of updated asset objects reloaded before import = 0
Number of asset objects unloaded after import = 2
========================================================================
Received Import Request.
  Time since last request: 0.367407 seconds.
  path: Assets/NoMyAssets/Supercyan Free Forest Sample/Textures/Skybox/nz.png
  artifactKey: Guid(2938054f9f41a0b4788f0dea2ae84e19) Importer(815301076,1909f56bfc062723c751e8b465ee728b)
Start importing Assets/NoMyAssets/Supercyan Free Forest Sample/Textures/Skybox/nz.png using Guid(2938054f9f41a0b4788f0dea2ae84e19) Importer(815301076,1909f56bfc062723c751e8b465ee728b)  -> (artifact id: 'a452d700911871aa861c0f3593f0f557') in 0.017547 seconds
Number of updated asset objects reloaded before import = 0
Number of asset objects unloaded after import = 2
========================================================================
Received Import Request.
  Time since last request: 0.081850 seconds.
  path: Assets/NoMyAssets/Supercyan Free Forest Sample/Textures/Skybox/py.png
  artifactKey: Guid(a5ab032500bb60a43826c8050069d4ea) Importer(815301076,1909f56bfc062723c751e8b465ee728b)
Start importing Assets/NoMyAssets/Supercyan Free Forest Sample/Textures/Skybox/py.png using Guid(a5ab032500bb60a43826c8050069d4ea) Importer(815301076,1909f56bfc062723c751e8b465ee728b)  -> (artifact id: '159584b7fe7154017eba3e27fcfab054') in 0.022272 seconds
Number of updated asset objects reloaded before import = 0
Number of asset objects unloaded after import = 2
========================================================================
Received Import Request.
  Time since last request: 0.630413 seconds.
  path: Assets/NoMyAssets/Supercyan Free Forest Sample/Scenes/MoodyNight/ReflectionProbe-0.exr
  artifactKey: Guid(6db35459fed979449864b7408ce3c087) Importer(815301076,1909f56bfc062723c751e8b465ee728b)
Start importing Assets/NoMyAssets/Supercyan Free Forest Sample/Scenes/MoodyNight/ReflectionProbe-0.exr using Guid(6db35459fed979449864b7408ce3c087) Importer(815301076,1909f56bfc062723c751e8b465ee728b)  -> (artifact id: 'f9d6180a9ba964f7032f5fe368c6de7f') in 0.019143 seconds
Number of updated asset objects reloaded before import = 0
Number of asset objects unloaded after import = 1
========================================================================
Received Import Request.
  Time since last request: 0.078406 seconds.
  path: Assets/NoMyAssets/RPGPP_LT/Textures/rpgpp_lt_sky_a.tga
  artifactKey: Guid(5c4fa0e44769f8f46a06d96031e56a4e) Importer(815301076,1909f56bfc062723c751e8b465ee728b)
Start importing Assets/NoMyAssets/RPGPP_LT/Textures/rpgpp_lt_sky_a.tga using Guid(5c4fa0e44769f8f46a06d96031e56a4e) Importer(815301076,1909f56bfc062723c751e8b465ee728b)  -> (artifact id: '33904d9d7527622f9a43f8edfd5650c1') in 0.013406 seconds
Number of updated asset objects reloaded before import = 0
Number of asset objects unloaded after import = 2
========================================================================
Received Import Request.
  Time since last request: 0.527972 seconds.
  path: Assets/NoMyAssets/Supercyan Free Forest Sample/Textures/Ramp/sharedTexture_shadowRamp.png
  artifactKey: Guid(55d9f997de358a34a85e48ef6b49e8f7) Importer(815301076,1909f56bfc062723c751e8b465ee728b)
Start importing Assets/NoMyAssets/Supercyan Free Forest Sample/Textures/Ramp/sharedTexture_shadowRamp.png using Guid(55d9f997de358a34a85e48ef6b49e8f7) Importer(815301076,1909f56bfc062723c751e8b465ee728b)  -> (artifact id: '66f5b301970622a8546f6402d803fbfb') in 0.014070 seconds
Number of updated asset objects reloaded before import = 0
Number of asset objects unloaded after import = 2
========================================================================
Received Import Request.
  Time since last request: 0.593026 seconds.
  path: Assets/NoMyAssets/Fantasy Forest Environment Free Sample/Scenes/New Terrain.asset
  artifactKey: Guid(02bc0e2176f6a4e4ea3faf0c622664cf) Importer(815301076,1909f56bfc062723c751e8b465ee728b)
Start importing Assets/NoMyAssets/Fantasy Forest Environment Free Sample/Scenes/New Terrain.asset using Guid(02bc0e2176f6a4e4ea3faf0c622664cf) Importer(815301076,1909f56bfc062723c751e8b465ee728b) 
=================================================================
	Native Crash Reporting
=================================================================
Got a UNKNOWN while executing native code. This usually indicates
a fatal error in the mono runtime or one of the native libraries 
used by your application.
=================================================================

=================================================================
	Managed Stacktrace:
=================================================================
=================================================================
Received signal SIGSEGV
Obtained 35 stack frames
0x00007ff7453bcfbd (Unity) <lambda_72d4138e75637852f4266ed91400ed85>::operator()
0x00007ff7453b8b91 (Unity) LMDB_Transaction::Run
0x00007ff74534bc99 (Unity) SourceAssetDBWriteTxn::Run
0x00007ff7453c2e43 (Unity) SourceAssetScanner::Refresh
0x00007ff745383b24 (Unity) Scan
0x00007ff745373a16 (Unity) ImportAtPathV2
0x00007ff7452f3612 (Unity) AssetDatabase::ImportAtPath
0x00007ff7447e255f (Unity) SplatDatabase::CreateTerrainLayersFromDeprecatedSplats
0x00007ff7447e0abe (Unity) SplatDatabase::ConvertSplatsToTerrainLayers
0x00007ff7447dd22c (Unity) SplatDatabase::AwakeFromLoad
0x00007ff74480e779 (Unity) TerrainData::AwakeFromLoad
0x00007ff74400fc8d (Unity) AwakeFromLoadQueue::InvokePersistentManagerAwake
0x00007ff744010c61 (Unity) AwakeFromLoadQueue::PersistentManagerSingleQueueAwakeFromLoad
0x00007ff7440108d0 (Unity) AwakeFromLoadQueue::PersistentManagerAwakeFromLoad_NoChecks
0x00007ff743fe2daf (Unity) PersistentManager::IntegrateAllThreadedObjects
0x00007ff743fe36d0 (Unity) PersistentManager::LoadAndIntegrateAllPreallocatedObjects
0x00007ff743fe7852 (Unity) PersistentManager::ReadObject
0x00007ff7452deb12 (Unity) WritePreviews
0x00007ff7452d5f3f (Unity) PreviewImporter::GenerateAssetData
0x00007ff74531f06b (Unity) ImportToObjects
0x00007ff74531e11c (Unity) ImportAsset
0x00007ff745342fd8 (Unity) AssetImportWorker::Import
0x00007ff7453aa3b2 (Unity) <lambda_183697078dc22ecb201e4599e9982eaf>::operator()
0x00007ff7453e6bb2 (Unity) asio::detail::completion_handler<core::mutable_function<void __cdecl(void)>,asio::io_context::basic_executor_type<std::allocator<void>,0> >::do_complete
0x00007ff7453d2b5e (Unity) asio::detail::win_iocp_io_context::do_one
0x00007ff7453d47c4 (Unity) asio::detail::win_iocp_io_context::run
0x00007ff7453e4f5c (Unity) IOService::Run
0x00007ff7453b8abf (Unity) AssetImportWorkerClient::Run
0x00007ff7453839f7 (Unity) RunAssetImportWorkerClientV2
0x00007ff745383a7b (Unity) RunAssetImporterV2
0x00007ff744b8babd (Unity) Application::InitializeProject
0x00007ff745011705 (Unity) WinMain
0x00007ff7463eef2e (Unity) __scrt_common_main_seh
0x00007ffb91707344 (KERNEL32) BaseThreadInitThunk
0x00007ffb928e26b1 (ntdll) RtlUserThreadStart

